c:\users\maggan\documents\visual studio 2017\projects\osl\osl\x64\debug\vc141.pdb
c:\users\maggan\documents\visual studio 2017\projects\osl\osl\x64\debug\vc141.idb
c:\users\maggan\documents\visual studio 2017\projects\osl\osl\x64\debug\app.obj
c:\users\maggan\documents\visual studio 2017\projects\osl\osl\x64\debug\camera.obj
c:\users\maggan\documents\visual studio 2017\projects\osl\osl\x64\debug\osl.obj
c:\users\maggan\documents\visual studio 2017\projects\osl\osl\x64\debug\source.obj
c:\users\maggan\documents\visual studio 2017\projects\osl\osl\x64\debug\forward.obj
c:\users\maggan\documents\visual studio 2017\projects\osl\osl\x64\debug\lights.obj
c:\users\maggan\documents\visual studio 2017\projects\osl\x64\debug\osl.pdb
c:\users\maggan\documents\visual studio 2017\projects\osl\osl\x64\debug\osl.tlog\cl.command.1.tlog
c:\users\maggan\documents\visual studio 2017\projects\osl\osl\x64\debug\osl.tlog\cl.read.1.tlog
c:\users\maggan\documents\visual studio 2017\projects\osl\osl\x64\debug\osl.tlog\cl.write.1.tlog
c:\users\maggan\documents\visual studio 2017\projects\osl\osl\x64\debug\osl.tlog\link-cvtres.read.1.tlog
c:\users\maggan\documents\visual studio 2017\projects\osl\osl\x64\debug\osl.tlog\link-cvtres.write.1.tlog
c:\users\maggan\documents\visual studio 2017\projects\osl\osl\x64\debug\osl.tlog\link-rc.read.1.tlog
c:\users\maggan\documents\visual studio 2017\projects\osl\osl\x64\debug\osl.tlog\link-rc.write.1.tlog
c:\users\maggan\documents\visual studio 2017\projects\osl\osl\x64\debug\osl.tlog\link.21788-cvtres.read.1.tlog
c:\users\maggan\documents\visual studio 2017\projects\osl\osl\x64\debug\osl.tlog\link.21788-cvtres.write.1.tlog
c:\users\maggan\documents\visual studio 2017\projects\osl\osl\x64\debug\osl.tlog\link.21788-rc.read.1.tlog
c:\users\maggan\documents\visual studio 2017\projects\osl\osl\x64\debug\osl.tlog\link.21788-rc.write.1.tlog
c:\users\maggan\documents\visual studio 2017\projects\osl\osl\x64\debug\osl.tlog\link.21788.read.1.tlog
c:\users\maggan\documents\visual studio 2017\projects\osl\osl\x64\debug\osl.tlog\link.21788.write.1.tlog
c:\users\maggan\documents\visual studio 2017\projects\osl\osl\x64\debug\osl.tlog\link.command.1.tlog
c:\users\maggan\documents\visual studio 2017\projects\osl\osl\x64\debug\osl.tlog\link.read.1.tlog
c:\users\maggan\documents\visual studio 2017\projects\osl\osl\x64\debug\osl.tlog\link.write.1.tlog
