  Source.cpp
  osl.cpp
c:\users\maggan\documents\visual studio 2017\projects\osl\osl\osl.cpp(320): warning C4244: '=': conversion from 'float' to 'int', possible loss of data
c:\users\maggan\documents\visual studio 2017\projects\osl\osl\osl.cpp(324): warning C4244: '=': conversion from 'float' to 'int', possible loss of data
  Lights.cpp
  Hitbox.cpp
  Camera.cpp
c:\users\maggan\documents\visual studio 2017\projects\osl\osl\camera.cpp(22): warning C4305: '*=': truncation from 'double' to 'float'
  App.cpp
c:\users\maggan\documents\visual studio 2017\projects\osl\osl\app.cpp(102): warning C4244: 'initializing': conversion from 'double' to 'float', possible loss of data
c:\users\maggan\documents\visual studio 2017\projects\osl\osl\app.cpp(103): warning C4244: 'initializing': conversion from 'double' to 'float', possible loss of data
c:\users\maggan\documents\visual studio 2017\projects\osl\osl\app.cpp(173): warning C4244: 'initializing': conversion from 'double' to 'float', possible loss of data
  Generating Code...
LINK : warning LNK4098: defaultlib 'MSVCRT' conflicts with use of other libs; use /NODEFAULTLIB:library
SOIL.lib(image_DXT.obj) : warning LNK4099: PDB 'SOIL.pdb' was not found with 'SOIL.lib(image_DXT.obj)' or at 'C:\Users\Maggan\Documents\Visual Studio 2017\Projects\OSL\x64\Debug\SOIL.pdb'; linking object as if no debug info
SOIL.lib(image_helper.obj) : warning LNK4099: PDB 'SOIL.pdb' was not found with 'SOIL.lib(image_helper.obj)' or at 'C:\Users\Maggan\Documents\Visual Studio 2017\Projects\OSL\x64\Debug\SOIL.pdb'; linking object as if no debug info
SOIL.lib(SOIL.obj) : warning LNK4099: PDB 'SOIL.pdb' was not found with 'SOIL.lib(SOIL.obj)' or at 'C:\Users\Maggan\Documents\Visual Studio 2017\Projects\OSL\x64\Debug\SOIL.pdb'; linking object as if no debug info
SOIL.lib(stb_image_aug.obj) : warning LNK4099: PDB 'SOIL.pdb' was not found with 'SOIL.lib(stb_image_aug.obj)' or at 'C:\Users\Maggan\Documents\Visual Studio 2017\Projects\OSL\x64\Debug\SOIL.pdb'; linking object as if no debug info
  OSL.vcxproj -> C:\Users\Maggan\Documents\Visual Studio 2017\Projects\OSL\x64\Debug\OSL.exe
  OSL.vcxproj -> C:\Users\Maggan\Documents\Visual Studio 2017\Projects\OSL\x64\Debug\OSL.pdb (Partial PDB)
